#
# There is insufficient memory for the Java Runtime Environment to continue.
# Native memory allocation (malloc) failed to allocate 629136 bytes for Chunk::new
# Possible reasons:
#   The system is out of physical RAM or swap space
#   In 32 bit mode, the process size limit was hit
# Possible solutions:
#   Reduce memory load on the system
#   Increase physical memory or swap space
#   Check if swap backing store is full
#   Use 64 bit Java on a 64 bit OS
#   Decrease Java heap size (-Xmx/-Xms)
#   Decrease number of Java threads
#   Decrease Java thread stack sizes (-Xss)
#   Set larger code cache with -XX:ReservedCodeCacheSize=
# This output file may be truncated or incomplete.
#
#  Out of Memory Error (allocation.cpp:390), pid=4092, tid=2852
#
# JRE version: Java(TM) SE Runtime Environment (8.0_71-b15) (build 1.8.0_71-b15)
# Java VM: Java HotSpot(TM) 64-Bit Server VM (25.71-b15 mixed mode windows-amd64 compressed oops)
# Failed to write core dump. Minidumps are not enabled by default on client versions of Windows
#

---------------  T H R E A D  ---------------

Current thread (0x0000000014a7d800):  JavaThread "C2 CompilerThread1" daemon [_thread_in_native, id=2852, stack(0x00000000161d0000,0x00000000162d0000)]

Stack: [0x00000000161d0000,0x00000000162d0000]
[error occurred during error reporting (printing stack bounds), id 0xc0000005]

Native frames: (J=compiled Java code, j=interpreted, Vv=VM code, C=native code)


Current CompileTask:
C2:    620 1171       4       com.android.dx.ssa.SCCP::simulateStmt (481 bytes)


---------------  P R O C E S S  ---------------

Java Threads: ( => current thread )
  0x0000000016632800 JavaThread "pool-1-thread-1" [_thread_in_Java, id=3580, stack(0x00000000186a0000,0x00000000187a0000)]
  0x0000000014add800 JavaThread "Service Thread" daemon [_thread_blocked, id=2944, stack(0x00000000167d0000,0x00000000168d0000)]
  0x0000000014a84000 JavaThread "C1 CompilerThread2" daemon [_thread_in_native, id=2980, stack(0x00000000162d0000,0x00000000163d0000)]
=>0x0000000014a7d800 JavaThread "C2 CompilerThread1" daemon [_thread_in_native, id=2852, stack(0x00000000161d0000,0x00000000162d0000)]
  0x0000000014a7a800 JavaThread "C2 CompilerThread0" daemon [_thread_in_native, id=4080, stack(0x00000000160d0000,0x00000000161d0000)]
  0x0000000014a79000 JavaThread "Attach Listener" daemon [_thread_blocked, id=7884, stack(0x0000000015fd0000,0x00000000160d0000)]
  0x0000000014a78000 JavaThread "Signal Dispatcher" daemon [_thread_blocked, id=7888, stack(0x0000000015ed0000,0x0000000015fd0000)]
  0x00000000023a7800 JavaThread "Finalizer" daemon [_thread_blocked, id=2896, stack(0x0000000015cf0000,0x0000000015df0000)]
  0x000000000239f000 JavaThread "Reference Handler" daemon [_thread_blocked, id=2908, stack(0x0000000015bf0000,0x0000000015cf0000)]
  0x00000000022ae000 JavaThread "main" [_thread_blocked, id=2904, stack(0x00000000020c0000,0x00000000021c0000)]

Other Threads:
  0x0000000014a47800 VMThread [stack: 0x0000000015af0000,0x0000000015bf0000] [id=4088]
  0x0000000014ade800 WatcherThread [stack: 0x00000000168d0000,0x00000000169d0000] [id=2856]

VM state:not at safepoint (normal execution)

VM Mutex/Monitor currently owned by a thread: None

Heap:
 PSYoungGen      total 38400K, used 21025K [0x00000000eab00000, 0x00000000ef600000, 0x0000000100000000)
  eden space 33280K, 47% used [0x00000000eab00000,0x00000000eba8be08,0x00000000ecb80000)
  from space 5120K, 99% used [0x00000000ecb80000,0x00000000ed07c660,0x00000000ed080000)
  to   space 5120K, 0% used [0x00000000ef100000,0x00000000ef100000,0x00000000ef600000)
 ParOldGen       total 87552K, used 5489K [0x00000000c0000000, 0x00000000c5580000, 0x00000000eab00000)
  object space 87552K, 6% used [0x00000000c0000000,0x00000000c055c6b0,0x00000000c5580000)
 Metaspace       used 5773K, capacity 6896K, committed 7040K, reserved 1056768K
  class space    used 583K, capacity 616K, committed 640K, reserved 1048576K

Card table byte_map: [0x0000000011770000,0x0000000011980000] byte_map_base: 0x0000000011170000

Marking Bits: (ParMarkBitMap*) 0x0000000053fdf600
 Begin Bits: [0x0000000011ee0000, 0x0000000012ee0000)
 End Bits:   [0x0000000012ee0000, 0x0000000013ee0000)

Polling page: 0x0000000000950000

CodeCache: size=245760Kb used=4835Kb max_used=4835Kb free=240924Kb
 bounds [0x00000000023b0000, 0x0000000002870000, 0x00000000113b0000]
 total_blobs=1510 nmethods=1249 adapters=174
 compilation: enabled

Compilation events (10 events):
Event: 0.618 Thread 0x0000000014a84000 1252  s    3       com.android.dx.dex.file.ProtoIdsSection::intern (55 bytes)
Event: 0.618 Thread 0x0000000014a84000 nmethod 1252 0x0000000002867410 code [0x0000000002867600, 0x0000000002867f28]
Event: 0.618 Thread 0x0000000014a84000 1253       3       com.android.dx.dex.file.FieldIdItem::addContents (23 bytes)
Event: 0.619 Thread 0x0000000014a84000 nmethod 1253 0x00000000028682d0 code [0x00000000028684c0, 0x00000000028693a8]
Event: 0.619 Thread 0x0000000014a84000 1254       3       com.android.dx.dex.file.FieldIdItem::getFieldRef (8 bytes)
Event: 0.619 Thread 0x0000000014a84000 nmethod 1254 0x0000000002869910 code [0x0000000002869a80, 0x0000000002869d50]
Event: 0.619 Thread 0x0000000014a84000 1255  s    3       com.android.dx.dex.file.TypeIdsSection::intern (62 bytes)
Event: 0.619 Thread 0x0000000014a84000 nmethod 1255 0x0000000002869dd0 code [0x0000000002869fe0, 0x000000000286abc8]
Event: 0.620 Thread 0x0000000014a84000 1258       1       com.android.dx.dex.file.DexFile::getTypeLists (5 bytes)
Event: 0.620 Thread 0x0000000014a84000 nmethod 1258 0x000000000286b190 code [0x000000000286b2e0, 0x000000000286b3f0]

GC Heap History (2 events):
Event: 0.479 GC heap before
{Heap before GC invocations=1 (full 0):
 PSYoungGen      total 38400K, used 33280K [0x00000000eab00000, 0x00000000ed580000, 0x0000000100000000)
  eden space 33280K, 100% used [0x00000000eab00000,0x00000000ecb80000,0x00000000ecb80000)
  from space 5120K, 0% used [0x00000000ed080000,0x00000000ed080000,0x00000000ed580000)
  to   space 5120K, 0% used [0x00000000ecb80000,0x00000000ecb80000,0x00000000ed080000)
 ParOldGen       total 87552K, used 0K [0x00000000c0000000, 0x00000000c5580000, 0x00000000eab00000)
  object space 87552K, 0% used [0x00000000c0000000,0x00000000c0000000,0x00000000c5580000)
 Metaspace       used 5653K, capacity 6832K, committed 7040K, reserved 1056768K
  class space    used 575K, capacity 616K, committed 640K, reserved 1048576K
Event: 0.487 GC heap after
Heap after GC invocations=1 (full 0):
 PSYoungGen      total 38400K, used 5105K [0x00000000eab00000, 0x00000000ef600000, 0x0000000100000000)
  eden space 33280K, 0% used [0x00000000eab00000,0x00000000eab00000,0x00000000ecb80000)
  from space 5120K, 99% used [0x00000000ecb80000,0x00000000ed07c660,0x00000000ed080000)
  to   space 5120K, 0% used [0x00000000ef100000,0x00000000ef100000,0x00000000ef600000)
 ParOldGen       total 87552K, used 5489K [0x00000000c0000000, 0x00000000c5580000, 0x00000000eab00000)
  object space 87552K, 6% used [0x00000000c0000000,0x00000000c055c6b0,0x00000000c5580000)
 Metaspace       used 5653K, capacity 6832K, committed 7040K, reserved 1056768K
  class space    used 575K, capacity 616K, committed 640K, reserved 1048576K
}

Deoptimization events (10 events):
Event: 0.599 Thread 0x0000000016632800 Uncommon trap: reason=class_check action=maybe_recompile pc=0x00000000028519e8 method=java.util.Arrays.hashCode([Ljava/lang/Object;)I @ 43
Event: 0.599 Thread 0x0000000016632800 Uncommon trap: reason=class_check action=maybe_recompile pc=0x00000000028519e8 method=java.util.Arrays.hashCode([Ljava/lang/Object;)I @ 43
Event: 0.599 Thread 0x0000000016632800 Uncommon trap: reason=class_check action=maybe_recompile pc=0x00000000028519e8 method=java.util.Arrays.hashCode([Ljava/lang/Object;)I @ 43
Event: 0.605 Thread 0x0000000016632800 Uncommon trap: reason=bimorphic action=maybe_recompile pc=0x00000000027e689c method=java.util.HashMap.putVal(ILjava/lang/Object;Ljava/lang/Object;ZZ)Ljava/lang/Object; @ 91
Event: 0.605 Thread 0x0000000016632800 Uncommon trap: reason=bimorphic action=maybe_recompile pc=0x00000000027e689c method=java.util.HashMap.putVal(ILjava/lang/Object;Ljava/lang/Object;ZZ)Ljava/lang/Object; @ 91
Event: 0.605 Thread 0x0000000016632800 Uncommon trap: reason=bimorphic action=maybe_recompile pc=0x00000000027e689c method=java.util.HashMap.putVal(ILjava/lang/Object;Ljava/lang/Object;ZZ)Ljava/lang/Object; @ 91
Event: 0.605 Thread 0x0000000016632800 Uncommon trap: reason=bimorphic action=maybe_recompile pc=0x00000000027e689c method=java.util.HashMap.putVal(ILjava/lang/Object;Ljava/lang/Object;ZZ)Ljava/lang/Object; @ 91
Event: 0.605 Thread 0x0000000016632800 Uncommon trap: reason=bimorphic action=maybe_recompile pc=0x00000000027d6a24 method=java.util.HashMap.putVal(ILjava/lang/Object;Ljava/lang/Object;ZZ)Ljava/lang/Object; @ 91
Event: 0.606 Thread 0x0000000016632800 Uncommon trap: reason=bimorphic action=maybe_recompile pc=0x0000000002617e2c method=java.util.HashMap.getNode(ILjava/lang/Object;)Ljava/util/HashMap$Node; @ 126
Event: 0.619 Thread 0x0000000016632800 Uncommon trap: reason=bimorphic action=maybe_recompile pc=0x0000000002617e2c method=java.util.HashMap.getNode(ILjava/lang/Object;)Ljava/util/HashMap$Node; @ 126

Internal exceptions (2 events):
Event: 0.026 Thread 0x00000000022ae000 Exception <a 'java/lang/NoSuchMethodError': Method sun.misc.Unsafe.defineClass(Ljava/lang/String;[BII)Ljava/lang/Class; name or signature does not match> (0x00000000eab0d780) thrown at [C:\re\workspace\8-2-build-windows-amd64-cygwin\jdk8u71\5731\hotspot\srèlkÈß4š?
Event: 0.026 Thread 0x00000000022ae000 Exception <a 'java/lang/NoSuchMethodError': Method sun.misc.Unsafe.prefetchRead(Ljava/lang/Object;J)V name or signature does not match> (0x00000000eab0da68) thrown at [C:\re\workspace\8-2-build-windows-amd64-cygwin\jdk8u71\5731\hotspot\src\share\vm\prims\j

Events (10 events):
Event: 0.605 Thread 0x0000000016632800 DEOPT PACKING pc=0x00000000027d6a24 sp=0x000000001879ed30
Event: 0.605 Thread 0x0000000016632800 DEOPT UNPACKING pc=0x00000000023f582a sp=0x000000001879ece8 mode 2
Event: 0.606 Thread 0x0000000016632800 Uncommon trap: trap_request=0xffffffc6 fr.pc=0x0000000002617e2c
Event: 0.606 Thread 0x0000000016632800 DEOPT PACKING pc=0x0000000002617e2c sp=0x000000001879ede0
Event: 0.606 Thread 0x0000000016632800 DEOPT UNPACKING pc=0x00000000023f582a sp=0x000000001879ed08 mode 2
Event: 0.615 loading class com/android/dx/dex/file/ProtoIdItem
Event: 0.615 loading class com/android/dx/dex/file/ProtoIdItem done
Event: 0.619 Thread 0x0000000016632800 Uncommon trap: trap_request=0xffffffc6 fr.pc=0x0000000002617e2c
Event: 0.619 Thread 0x0000000016632800 DEOPT PACKING pc=0x0000000002617e2c sp=0x000000001879edf0
Event: 0.619 Thread 0x0000000016632800 DEOPT UNPACKING pc=0x00000000023f582a sp=0x000000001879ed18 mode 2


Dynamic libraries:
0x00007ff7201b0000 - 0x00007ff7201e7000 	C:\Program Files\Java\jdk1.8.0_71\bin\java.exe
0x00007ff95a2a0000 - 0x00007ff95a461000 	C:\Windows\SYSTEM32\ntdll.dll
0x00007ff9578d0000 - 0x00007ff95797d000 	C:\Windows\system32\KERNEL32.DLL
0x00007ff957420000 - 0x00007ff957608000 	C:\Windows\system32\KERNELBASE.dll
0x00007ff957980000 - 0x00007ff957a27000 	C:\Windows\system32\ADVAPI32.dll
0x00007ff959b20000 - 0x00007ff959bbd000 	C:\Windows\system32\msvcrt.dll
0x00007ff95a240000 - 0x00007ff95a29b000 	C:\Windows\system32\sechost.dll
0x00007ff95a0e0000 - 0x00007ff95a1fc000 	C:\Windows\system32\RPCRT4.dll
0x00007ff957a90000 - 0x00007ff957be6000 	C:\Windows\system32\USER32.dll
0x00007ff9597b0000 - 0x00007ff959936000 	C:\Windows\system32\GDI32.dll
0x00007ff952cc0000 - 0x00007ff952f34000 	C:\Windows\WinSxS\amd64_microsoft.windows.common-controls_6595b64144ccf1df_6.0.10586.0_none_8c15ae12515e1c22\COMCTL32.dll
0x00007ff959d70000 - 0x00007ff959fed000 	C:\Windows\system32\combase.dll
0x00007ff957610000 - 0x00007ff95767a000 	C:\Windows\system32\bcryptPrimitives.dll
0x00007ff95a200000 - 0x00007ff95a23b000 	C:\Windows\system32\IMM32.DLL
0x0000000053350000 - 0x0000000053422000 	C:\Program Files\Java\jdk1.8.0_71\jre\bin\msvcr100.dll
0x00000000537d0000 - 0x000000005405f000 	C:\Program Files\Java\jdk1.8.0_71\jre\bin\server\jvm.dll
0x00007ff959b10000 - 0x00007ff959b18000 	C:\Windows\system32\PSAPI.DLL
0x00007ff9307d0000 - 0x00007ff9307d9000 	C:\Windows\SYSTEM32\WSOCK32.dll
0x00007ff954c00000 - 0x00007ff954c23000 	C:\Windows\SYSTEM32\WINMM.dll
0x00007ff95a070000 - 0x00007ff95a0db000 	C:\Windows\system32\WS2_32.dll
0x00007ff952f40000 - 0x00007ff952f4a000 	C:\Windows\SYSTEM32\VERSION.dll
0x0000000000900000 - 0x000000000092c000 	C:\Windows\SYSTEM32\WINMMBASE.dll
0x00007ff957370000 - 0x00007ff9573b3000 	C:\Windows\system32\cfgmgr32.dll
0x00000000537c0000 - 0x00000000537cf000 	C:\Program Files\Java\jdk1.8.0_71\jre\bin\verify.dll
0x0000000053790000 - 0x00000000537b9000 	C:\Program Files\Java\jdk1.8.0_71\jre\bin\java.dll
0x0000000053770000 - 0x0000000053786000 	C:\Program Files\Java\jdk1.8.0_71\jre\bin\zip.dll
0x00007ff957d00000 - 0x00007ff95925c000 	C:\Windows\system32\SHELL32.dll
0x00007ff956a00000 - 0x00007ff957045000 	C:\Windows\system32\windows.storage.dll
0x00007ff957ca0000 - 0x00007ff957cf2000 	C:\Windows\system32\shlwapi.dll
0x00007ff9568c0000 - 0x00007ff9568cf000 	C:\Windows\system32\kernel.appcore.dll
0x00007ff9572b0000 - 0x00007ff957365000 	C:\Windows\system32\shcore.dll
0x00007ff956900000 - 0x00007ff95694b000 	C:\Windows\system32\powrprof.dll
0x00007ff9568d0000 - 0x00007ff9568e4000 	C:\Windows\system32\profapi.dll

VM Arguments:
jvm_args: -Djava.awt.headless=true -Xmx1024M -Dfile.encoding=windows-1252 -Duser.country=US -Duser.language=en -Duser.variant 
java_command: com.android.dx.command.Main --dex --force-jumbo --num-threads=4 --multi-dex --output C:\Users\Beast Mode\AndroidStudioProjects\Calculator_ENSF409_Lab10\app\build\intermediates\transforms\dex\debug\folders\1000\5\slice_4 C:\Users\Beast Mode\AndroidStudioProjects\Calculator_ENSF409_Lab10\app\build\intermediates\transforms\instantRunSlicer\debug\folders\1\5\slice_4
java_class_path (initial): F:\Android\sdk\build-tools\23.0.2\lib\dx.jar
Launcher Type: SUN_STANDARD

Environment Variables:
CLASSPATH=.;C:\Program Files (x86)\QuickTime\QTSystem\QTJava.zip
PATH=C:\MinGW\bin;C:\MinGW\msys\1.0\bin;C:\Program Files\Java\jdk1.8.0_71\bin;C:\ProgramData\Oracle\Java\javapath;C:\Program Files (x86)\ActiveState Komodo Edit 9\;C:\Program Files (x86)\Intel\iCLS Client\;C:\Program Files\Intel\iCLS Client\;C:\WINDOWS\system32;C:\WINDOWS;C:\WINDOWS\System32\Wbem;C:\WINDOWS\System32\WindowsPowerShell\v1.0\;C:\Program Files\Intel\Intel(R) Management Engine Components\DAL;C:\Program Files (x86)\Intel\Intel(R) Management Engine Components\DAL;C:\Program Files\Intel\Intel(R) Management Engine Components\IPT;C:\Program Files (x86)\Intel\Intel(R) Management Engine Components\IPT;F:\MPLAB C32 Suite\bin;C:\Program Files (x86)\QuickTime\QTSystem\;C:\Program Files (x86)\NVIDIA Corporation\PhysX\Common;C:\Program Files (x86)\Windows Live\Shared
USERNAME=Beast Mode
OS=Windows_NT
PROCESSOR_IDENTIFIER=Intel64 Family 6 Model 60 Stepping 3, GenuineIntel



---------------  S Y S T E M  ---------------

OS: Windows 10.0 , 64 bit Build 10586 (10.0.10586.0)

CPU:total 4 (4 cores per cpu, 1 threads per core) family 6 model 60 stepping 3, cmov, cx8, fxsr, mmx, sse, sse2, sse3, ssse3, sse4.1, sse4.2, popcnt, avx, avx2, aes, clmul, erms, lzcnt, tsc, tscinvbit, bmi1, bmi2

Memory: 4k page, physical 8339276k(1694112k free), swap 8339276k(5476k free)

vm_info: Java HotSpot(TM) 64-Bit Server VM (25.71-b15) for windows-amd64 JRE (1.8.0_71-b15), built on Dec 22 2015 18:15:55 by "java_re" with MS VC++ 10.0 (VS2010)

time: Fri Apr 08 17:22:22 2016
elapsed time: 0 seconds (0d 0h 0m 0s)

