#
# There is insufficient memory for the Java Runtime Environment to continue.
# Native memory allocation (malloc) failed to allocate 547536 bytes for Chunk::new
# Possible reasons:
#   The system is out of physical RAM or swap space
#   In 32 bit mode, the process size limit was hit
# Possible solutions:
#   Reduce memory load on the system
#   Increase physical memory or swap space
#   Check if swap backing store is full
#   Use 64 bit Java on a 64 bit OS
#   Decrease Java heap size (-Xmx/-Xms)
#   Decrease number of Java threads
#   Decrease Java thread stack sizes (-Xss)
#   Set larger code cache with -XX:ReservedCodeCacheSize=
# This output file may be truncated or incomplete.
#
#  Out of Memory Error (allocation.cpp:390), pid=3604, tid=7716
#
# JRE version: Java(TM) SE Runtime Environment (8.0_71-b15) (build 1.8.0_71-b15)
# Java VM: Java HotSpot(TM) 64-Bit Server VM (25.71-b15 mixed mode windows-amd64 compressed oops)
# Failed to write core dump. Minidumps are not enabled by default on client versions of Windows
#

---------------  T H R E A D  ---------------

Current thread (0x00000000149ca000):  JavaThread "C2 CompilerThread1" daemon [_thread_in_native, id=7716, stack(0x0000000015ff0000,0x00000000160f0000)]

Stack: [0x0000000015ff0000,0x00000000160f0000]
[error occurred during error reporting (printing stack bounds), id 0xc0000005]

Native frames: (J=compiled Java code, j=interpreted, Vv=VM code, C=native code)


Current CompileTask:
C2:    834 1376       4       com.android.dx.dex.code.OutputFinisher::addConstants (93 bytes)


---------------  P R O C E S S  ---------------

Java Threads: ( => current thread )
  0x0000000016344800 JavaThread "pool-1-thread-1" [_thread_in_Java, id=8468, stack(0x00000000184c0000,0x00000000185c0000)]
  0x00000000161f5800 JavaThread "Service Thread" daemon [_thread_blocked, id=7228, stack(0x00000000165f0000,0x00000000166f0000)]
  0x00000000149cc800 JavaThread "C1 CompilerThread2" daemon [_thread_in_vm, id=10948, stack(0x00000000160f0000,0x00000000161f0000)]
=>0x00000000149ca000 JavaThread "C2 CompilerThread1" daemon [_thread_in_native, id=7716, stack(0x0000000015ff0000,0x00000000160f0000)]
  0x0000000014969000 JavaThread "C2 CompilerThread0" daemon [_thread_in_native, id=8776, stack(0x0000000015ef0000,0x0000000015ff0000)]
  0x0000000014967000 JavaThread "Attach Listener" daemon [_thread_blocked, id=7744, stack(0x0000000015df0000,0x0000000015ef0000)]
  0x0000000014965800 JavaThread "Signal Dispatcher" daemon [_thread_blocked, id=7740, stack(0x0000000015cf0000,0x0000000015df0000)]
  0x0000000002290800 JavaThread "Finalizer" daemon [_thread_blocked, id=8080, stack(0x0000000015bf0000,0x0000000015cf0000)]
  0x000000000228d000 JavaThread "Reference Handler" daemon [_thread_blocked, id=10736, stack(0x0000000015af0000,0x0000000015bf0000)]
  0x000000000219e000 JavaThread "main" [_thread_blocked, id=8064, stack(0x0000000001fb0000,0x00000000020b0000)]

Other Threads:
  0x0000000014938000 VMThread [stack: 0x00000000159f0000,0x0000000015af0000] [id=10908]
  0x00000000161fb000 WatcherThread [stack: 0x00000000166f0000,0x00000000167f0000] [id=4908]

VM state:not at safepoint (normal execution)

VM Mutex/Monitor currently owned by a thread: None

Heap:
 PSYoungGen      total 38400K, used 34678K [0x00000000eab00000, 0x00000000ed580000, 0x0000000100000000)
  eden space 33280K, 88% used [0x00000000eab00000,0x00000000ec7dfd10,0x00000000ecb80000)
  from space 5120K, 99% used [0x00000000ecb80000,0x00000000ed07dca8,0x00000000ed080000)
  to   space 5120K, 0% used [0x00000000ed080000,0x00000000ed080000,0x00000000ed580000)
 ParOldGen       total 87552K, used 1864K [0x00000000c0000000, 0x00000000c5580000, 0x00000000eab00000)
  object space 87552K, 2% used [0x00000000c0000000,0x00000000c01d2000,0x00000000c5580000)
 Metaspace       used 6342K, capacity 7224K, committed 7296K, reserved 1056768K
  class space    used 619K, capacity 624K, committed 640K, reserved 1048576K

Card table byte_map: [0x0000000011660000,0x0000000011870000] byte_map_base: 0x0000000011060000

Marking Bits: (ParMarkBitMap*) 0x0000000053fdf600
 Begin Bits: [0x0000000011dd0000, 0x0000000012dd0000)
 End Bits:   [0x0000000012dd0000, 0x0000000013dd0000)

Polling page: 0x0000000000460000

CodeCache: size=245760Kb used=5892Kb max_used=5892Kb free=239867Kb
 bounds [0x00000000022a0000, 0x0000000002870000, 0x00000000112a0000]
 total_blobs=1857 nmethods=1587 adapters=183
 compilation: enabled

Compilation events (10 events):
Event: 0.833 Thread 0x00000000149cc800 nmethod 1595 0x0000000002860710 code [0x0000000002860880, 0x0000000002860b88]
Event: 0.833 Thread 0x00000000149cc800 1589       1       com.android.dx.dex.code.PositionList$Entry::getAddress (5 bytes)
Event: 0.833 Thread 0x00000000149cc800 nmethod 1589 0x0000000002860c90 code [0x0000000002860de0, 0x0000000002860ef0]
Event: 0.833 Thread 0x00000000149cc800 1594       3       com.android.dx.dex.code.LocalList::get (9 bytes)
Event: 0.833 Thread 0x00000000149cc800 nmethod 1594 0x0000000002860f50 code [0x00000000028610c0, 0x00000000028613a8]
Event: 0.833 Thread 0x00000000149cc800 1592       3       com.android.dx.dex.code.LocalList$Entry::getRegister (8 bytes)
Event: 0.833 Thread 0x00000000149cc800 nmethod 1592 0x0000000002861450 code [0x00000000028615a0, 0x0000000002861790]
Event: 0.833 Thread 0x00000000149cc800 1590       3       com.android.dx.util.ByteArrayAnnotatedOutput::writeUleb128 (34 bytes)
Event: 0.833 Thread 0x00000000149cc800 nmethod 1590 0x0000000002861850 code [0x00000000028619c0, 0x0000000002861bf8]
Event: 0.833 Thread 0x00000000149cc800 1598       3       com.android.dx.dex.file.DebugInfoEncoder::emitLocalsAtAddress (150 bytes)

GC Heap History (2 events):
Event: 0.539 GC heap before
{Heap before GC invocations=1 (full 0):
 PSYoungGen      total 38400K, used 33280K [0x00000000eab00000, 0x00000000ed580000, 0x0000000100000000)
  eden space 33280K, 100% used [0x00000000eab00000,0x00000000ecb80000,0x00000000ecb80000)
  from space 5120K, 0% used [0x00000000ed080000,0x00000000ed080000,0x00000000ed580000)
  to   space 5120K, 0% used [0x00000000ecb80000,0x00000000ecb80000,0x00000000ed080000)
 ParOldGen       total 87552K, used 0K [0x00000000c0000000, 0x00000000c5580000, 0x00000000eab00000)
  object space 87552K, 0% used [0x00000000c0000000,0x00000000c0000000,0x00000000c5580000)
 Metaspace       used 5848K, capacity 6768K, committed 7040K, reserved 1056768K
  class space    used 595K, capacity 616K, committed 640K, reserved 1048576K
Event: 0.544 GC heap after
Heap after GC invocations=1 (full 0):
 PSYoungGen      total 38400K, used 5111K [0x00000000eab00000, 0x00000000ed580000, 0x0000000100000000)
  eden space 33280K, 0% used [0x00000000eab00000,0x00000000eab00000,0x00000000ecb80000)
  from space 5120K, 99% used [0x00000000ecb80000,0x00000000ed07dca8,0x00000000ed080000)
  to   space 5120K, 0% used [0x00000000ed080000,0x00000000ed080000,0x00000000ed580000)
 ParOldGen       total 87552K, used 1864K [0x00000000c0000000, 0x00000000c5580000, 0x00000000eab00000)
  object space 87552K, 2% used [0x00000000c0000000,0x00000000c01d2000,0x00000000c5580000)
 Metaspace       used 5848K, capacity 6768K, committed 7040K, reserved 1056768K
  class space    used 595K, capacity 616K, committed 640K, reserved 1048576K
}

Deoptimization events (10 events):
Event: 0.754 Thread 0x0000000016344800 Uncommon trap: reason=class_check action=maybe_recompile pc=0x000000000259a2f8 method=java.util.Arrays.equals([Ljava/lang/Object;[Ljava/lang/Object;)Z @ 62
Event: 0.754 Thread 0x0000000016344800 Uncommon trap: reason=speculate_class_check action=maybe_recompile pc=0x00000000025c9a78 method=com.android.dx.util.FixedSizeList.equals(Ljava/lang/Object;)Z @ 25
Event: 0.754 Thread 0x0000000016344800 Uncommon trap: reason=class_check action=maybe_recompile pc=0x000000000259a2f8 method=java.util.Arrays.equals([Ljava/lang/Object;[Ljava/lang/Object;)Z @ 62
Event: 0.754 Thread 0x0000000016344800 Uncommon trap: reason=speculate_class_check action=maybe_recompile pc=0x00000000025c9a78 method=com.android.dx.util.FixedSizeList.equals(Ljava/lang/Object;)Z @ 25
Event: 0.754 Thread 0x0000000016344800 Uncommon trap: reason=class_check action=maybe_recompile pc=0x000000000259a2f8 method=java.util.Arrays.equals([Ljava/lang/Object;[Ljava/lang/Object;)Z @ 62
Event: 0.754 Thread 0x0000000016344800 Uncommon trap: reason=speculate_class_check action=maybe_recompile pc=0x00000000025c9a78 method=com.android.dx.util.FixedSizeList.equals(Ljava/lang/Object;)Z @ 25
Event: 0.754 Thread 0x0000000016344800 Uncommon trap: reason=class_check action=maybe_recompile pc=0x000000000259a2f8 method=java.util.Arrays.equals([Ljava/lang/Object;[Ljava/lang/Object;)Z @ 62
Event: 0.768 Thread 0x0000000016344800 Uncommon trap: reason=unstable_if action=reinterpret pc=0x00000000026ea940 method=com.android.dx.rop.code.RegisterSpecSet.equals(Ljava/lang/Object;)Z @ 30
Event: 0.817 Thread 0x0000000016344800 Uncommon trap: reason=unstable_if action=reinterpret pc=0x00000000028287c0 method=com.android.dx.dex.code.LocalList$MakeState.filterSpec(Lcom/android/dx/rop/code/RegisterSpec;)Lcom/android/dx/rop/code/RegisterSpec; @ 11
Event: 0.817 Thread 0x0000000016344800 Uncommon trap: reason=unstable_if action=reinterpret pc=0x0000000002808028 method=com.android.dx.dex.code.LocalList$MakeState.filterSpec(Lcom/android/dx/rop/code/RegisterSpec;)Lcom/android/dx/rop/code/RegisterSpec; @ 11

Internal exceptions (3 events):
Event: 0.032 Thread 0x000000000219e000 Exception <a 'java/lang/NoSuchMethodError': Method sun.misc.Unsafe.defineClass(Ljava/lang/String;[BII)Ljava/lang/Class; name or signature does not match> (0x00000000eab0d7d8) thrown at [C:\re\workspace\8-2-build-windows-amd64-cygwin\jdk8u71\5731\hotspot\sré)ôÇý  ?
Event: 0.032 Thread 0x000000000219e000 Exception <a 'java/lang/NoSuchMethodError': Method sun.misc.Unsafe.prefetchRead(Ljava/lang/Object;J)V name or signature does not match> (0x00000000eab0dac0) thrown at [C:\re\workspace\8-2-build-windows-amd64-cygwin\jdk8u71\5731\hotspot\src\share\vm\prims\jÓø8v„Ü?
Event: 0.446 Thread 0x0000000016348000 Implicit null exception at 0x000000000254f4ac to 0x0000000002551189

Events (10 events):
Event: 0.817 Thread 0x0000000016344800 DEOPT UNPACKING pc=0x00000000022e582a sp=0x00000000185be738 mode 2
Event: 0.817 Thread 0x0000000016344800 Uncommon trap: trap_request=0xffffff65 fr.pc=0x0000000002808028
Event: 0.817 Thread 0x0000000016344800 DEOPT PACKING pc=0x0000000002808028 sp=0x00000000185be790
Event: 0.817 Thread 0x0000000016344800 DEOPT UNPACKING pc=0x00000000022e582a sp=0x00000000185be730 mode 2
Event: 0.830 loading class com/android/dx/dex/file/DebugInfoEncoder
Event: 0.830 loading class com/android/dx/dex/file/DebugInfoEncoder done
Event: 0.831 loading class com/android/dx/dex/file/DebugInfoEncoder$1
Event: 0.831 loading class com/android/dx/dex/file/DebugInfoEncoder$1 done
Event: 0.831 loading class com/android/dx/dex/file/DebugInfoEncoder$2
Event: 0.831 loading class com/android/dx/dex/file/DebugInfoEncoder$2 done


Dynamic libraries:
0x00007ff7201b0000 - 0x00007ff7201e7000 	C:\Program Files\Java\jdk1.8.0_71\bin\java.exe
0x00007ff95a2a0000 - 0x00007ff95a461000 	C:\Windows\SYSTEM32\ntdll.dll
0x00007ff9578d0000 - 0x00007ff95797d000 	C:\Windows\system32\KERNEL32.DLL
0x00007ff957420000 - 0x00007ff957608000 	C:\Windows\system32\KERNELBASE.dll
0x00007ff957980000 - 0x00007ff957a27000 	C:\Windows\system32\ADVAPI32.dll
0x00007ff959b20000 - 0x00007ff959bbd000 	C:\Windows\system32\msvcrt.dll
0x00007ff95a240000 - 0x00007ff95a29b000 	C:\Windows\system32\sechost.dll
0x00007ff95a0e0000 - 0x00007ff95a1fc000 	C:\Windows\system32\RPCRT4.dll
0x00007ff957a90000 - 0x00007ff957be6000 	C:\Windows\system32\USER32.dll
0x00007ff9597b0000 - 0x00007ff959936000 	C:\Windows\system32\GDI32.dll
0x00007ff952cc0000 - 0x00007ff952f34000 	C:\Windows\WinSxS\amd64_microsoft.windows.common-controls_6595b64144ccf1df_6.0.10586.0_none_8c15ae12515e1c22\COMCTL32.dll
0x00007ff959d70000 - 0x00007ff959fed000 	C:\Windows\system32\combase.dll
0x00007ff957610000 - 0x00007ff95767a000 	C:\Windows\system32\bcryptPrimitives.dll
0x00007ff95a200000 - 0x00007ff95a23b000 	C:\Windows\system32\IMM32.DLL
0x0000000053350000 - 0x0000000053422000 	C:\Program Files\Java\jdk1.8.0_71\jre\bin\msvcr100.dll
0x00000000537d0000 - 0x000000005405f000 	C:\Program Files\Java\jdk1.8.0_71\jre\bin\server\jvm.dll
0x00007ff959b10000 - 0x00007ff959b18000 	C:\Windows\system32\PSAPI.DLL
0x00007ff9307d0000 - 0x00007ff9307d9000 	C:\Windows\SYSTEM32\WSOCK32.dll
0x00007ff95a070000 - 0x00007ff95a0db000 	C:\Windows\system32\WS2_32.dll
0x00007ff954c00000 - 0x00007ff954c23000 	C:\Windows\SYSTEM32\WINMM.dll
0x00007ff952f40000 - 0x00007ff952f4a000 	C:\Windows\SYSTEM32\VERSION.dll
0x00007ff954ae0000 - 0x00007ff954b0c000 	C:\Windows\SYSTEM32\WINMMBASE.dll
0x00007ff957370000 - 0x00007ff9573b3000 	C:\Windows\system32\cfgmgr32.dll
0x00000000537c0000 - 0x00000000537cf000 	C:\Program Files\Java\jdk1.8.0_71\jre\bin\verify.dll
0x0000000053790000 - 0x00000000537b9000 	C:\Program Files\Java\jdk1.8.0_71\jre\bin\java.dll
0x0000000053770000 - 0x0000000053786000 	C:\Program Files\Java\jdk1.8.0_71\jre\bin\zip.dll
0x00007ff957d00000 - 0x00007ff95925c000 	C:\Windows\system32\SHELL32.dll
0x00007ff956a00000 - 0x00007ff957045000 	C:\Windows\system32\windows.storage.dll
0x00007ff957ca0000 - 0x00007ff957cf2000 	C:\Windows\system32\shlwapi.dll
0x00007ff9568c0000 - 0x00007ff9568cf000 	C:\Windows\system32\kernel.appcore.dll
0x00007ff9572b0000 - 0x00007ff957365000 	C:\Windows\system32\shcore.dll
0x00007ff956900000 - 0x00007ff95694b000 	C:\Windows\system32\powrprof.dll
0x00007ff9568d0000 - 0x00007ff9568e4000 	C:\Windows\system32\profapi.dll

VM Arguments:
jvm_args: -Djava.awt.headless=true -Xmx1024M -Dfile.encoding=windows-1252 -Duser.country=US -Duser.language=en -Duser.variant 
java_command: com.android.dx.command.Main --dex --force-jumbo --num-threads=4 --multi-dex --output C:\Users\Beast Mode\AndroidStudioProjects\Calculator_ENSF409_Lab10\app\build\intermediates\transforms\dex\debug\folders\1000\10\instant-run_383136783cc391e056c85d58d2dcab2b1c0cd6da C:\Users\Beast Mode\AndroidStudioProjects\Calculator_ENSF409_Lab10\app\build\intermediates\incremental-runtime-classes\debug\instant-run.jar
java_class_path (initial): F:\Android\sdk\build-tools\23.0.2\lib\dx.jar
Launcher Type: SUN_STANDARD

Environment Variables:
CLASSPATH=.;C:\Program Files (x86)\QuickTime\QTSystem\QTJava.zip
PATH=C:\MinGW\bin;C:\MinGW\msys\1.0\bin;C:\Program Files\Java\jdk1.8.0_71\bin;C:\ProgramData\Oracle\Java\javapath;C:\Program Files (x86)\ActiveState Komodo Edit 9\;C:\Program Files (x86)\Intel\iCLS Client\;C:\Program Files\Intel\iCLS Client\;C:\WINDOWS\system32;C:\WINDOWS;C:\WINDOWS\System32\Wbem;C:\WINDOWS\System32\WindowsPowerShell\v1.0\;C:\Program Files\Intel\Intel(R) Management Engine Components\DAL;C:\Program Files (x86)\Intel\Intel(R) Management Engine Components\DAL;C:\Program Files\Intel\Intel(R) Management Engine Components\IPT;C:\Program Files (x86)\Intel\Intel(R) Management Engine Components\IPT;F:\MPLAB C32 Suite\bin;C:\Program Files (x86)\QuickTime\QTSystem\;C:\Program Files (x86)\NVIDIA Corporation\PhysX\Common;C:\Program Files (x86)\Windows Live\Shared
USERNAME=Beast Mode
OS=Windows_NT
PROCESSOR_IDENTIFIER=Intel64 Family 6 Model 60 Stepping 3, GenuineIntel



---------------  S Y S T E M  ---------------

OS: Windows 10.0 , 64 bit Build 10586 (10.0.10586.0)

CPU:total 4 (4 cores per cpu, 1 threads per core) family 6 model 60 stepping 3, cmov, cx8, fxsr, mmx, sse, sse2, sse3, ssse3, sse4.1, sse4.2, popcnt, avx, avx2, aes, clmul, erms, lzcnt, tsc, tscinvbit, bmi1, bmi2

Memory: 4k page, physical 8339276k(1683328k free), swap 8339276k(7424k free)

vm_info: Java HotSpot(TM) 64-Bit Server VM (25.71-b15) for windows-amd64 JRE (1.8.0_71-b15), built on Dec 22 2015 18:15:55 by "java_re" with MS VC++ 10.0 (VS2010)

time: Fri Apr 08 17:22:45 2016
elapsed time: 0 seconds (0d 0h 0m 0s)

